<?xml version="1.0" encoding="UTF-8"?>
<testng-results ignored="3" total="5" passed="2" failed="0" skipped="0">
  <reporter-output>
  </reporter-output>
  <suite started-at="2022-11-09T09:54:39 IST" name="Suite" finished-at="2022-11-09T09:54:39 IST" duration-ms="53">
    <groups>
      <group name="regression">
        <method signature="GroupExecution.AddToProductTest()[pri:0, instance:moduleNameTestNg.GroupExecution@6e0dec4a]" name="AddToProductTest" class="moduleNameTestNg.GroupExecution"/>
        <method signature="GroupExecution.PaymentTest()[pri:0, instance:moduleNameTestNg.GroupExecution@6e0dec4a]" name="PaymentTest" class="moduleNameTestNg.GroupExecution"/>
      </group> <!-- regression -->
    </groups>
    <test started-at="2022-11-09T09:54:39 IST" name="Test" finished-at="2022-11-09T09:54:39 IST" duration-ms="53">
      <class name="moduleNameTestNg.GroupExecution">
        <test-method signature="AddToProductTest()[pri:0, instance:moduleNameTestNg.GroupExecution@6e0dec4a]" started-at="2022-11-09T09:54:39 IST" name="AddToProductTest" finished-at="2022-11-09T09:54:39 IST" duration-ms="12" status="PASS">
          <reporter-output>
          </reporter-output>
        </test-method> <!-- AddToProductTest -->
        <test-method signature="PaymentTest()[pri:0, instance:moduleNameTestNg.GroupExecution@6e0dec4a]" started-at="2022-11-09T09:54:39 IST" name="PaymentTest" finished-at="2022-11-09T09:54:39 IST" duration-ms="1" status="PASS">
          <reporter-output>
          </reporter-output>
        </test-method> <!-- PaymentTest -->
      </class> <!-- moduleNameTestNg.GroupExecution -->
    </test> <!-- Test -->
  </suite> <!-- Suite -->
</testng-results>
