<?xml version="1.0" encoding="UTF-8"?>
<!-- Generated by org.testng.reporters.JUnitXMLReporter -->
<testsuite ignored="3" hostname="LAPTOP-GU7LOAUN" failures="0" tests="2" name="Test" time="0.053" errors="0" timestamp="2022-11-09T09:54:39 IST">
  <testcase classname="moduleNameTestNg.GroupExecution" name="AddToProductTest" time="0.012"/>
  <testcase classname="moduleNameTestNg.GroupExecution" name="PaymentTest" time="0.001"/>
  <testcase classname="moduleNameTestNg.GroupExecution" name="SearchForProductTest" time="0.0">
    <ignored/>
  </testcase> <!-- SearchForProductTest -->
  <testcase classname="moduleNameTestNg.GroupExecution" name="LogoutTest" time="0.0">
    <ignored/>
  </testcase> <!-- LogoutTest -->
  <testcase classname="moduleNameTestNg.GroupExecution" name="LoginInTest" time="0.0">
    <ignored/>
  </testcase> <!-- LoginInTest -->
</testsuite> <!-- Test -->
